--- Solana Token and Multisig Setup Script ---

Step 1: Checking payer account...
Using payer keypair at: /Users/wangyifan/.config/solana/id.json
Using payer account: 5Gaafgd2mZiiuVU7ZJyua3pbfXX6c7hGsY2y6ipCrXca
Airdropping 2 SOL to local validator if needed...
Requesting airdrop of 2 SOL

Signature: YU1RfDGRvVMAeBT9fgnMBxPkJKJdDE2ftc6h5cHiTtLA1FQF7eNxGJxDdEVRVZ98auzbTe1fEt3D1oKAUFM2CTi

500000002.301181376 SOL

Step 2: Creating a new SPL Token...
Creating token C7ooCXLEErUgffSyYcg329vhW6K7m3cx99bbzH7Uig3i under program TokenkegQfeZyiNwAJbNbGKPFXCWuBvf9Ss623VQ5DA

Address:  C7ooCXLEErUgffSyYcg329vhW6K7m3cx99bbzH7Uig3i
Decimals:  9

Signature: 4eYR73HdvRddcziD8yVMy9i8yd7vCZhVbmP3Bp15dn7bqHP8hm4uWY2fggzeEVTpdrMCkLfQQyFn5FBGEfJvmaep
Token Mint created with address: C7ooCXLEErUgffSyYcg329vhW6K7m3cx99bbzH7Uig3i

Step 3: Creating 3 keypairs for the multisig...
Signer 1 Pubkey: 2YRrD82XvZ4ZzdLvgzSWNPNXdXhMMHh4yU7yy91avWfF
Signer 2 Pubkey: 56Nk2rcBeviqkibXnPdSKujnzVf6i9AyFkne3KU19tYu
Signer 3 Pubkey: 2hsDTE5791zW7p5vtgtrjk3cpebuzsn5Cvb7vomer38a

Step 4: Creating the 1-of-3 Multisig Account...
Creating 1/3 multisig C8wkL2wPkJNN5UfKrxZe1Kn1Evn8rwVonmfmbAbmkG2o under program TokenkegQfeZyiNwAJbNbGKPFXCWuBvf9Ss623VQ5DA

Signature: 3dGf2StFbr5DVLzfwjBYQBXt1futPnNRU2PzQLb8aZuwSbJMm9xYHypDDndMMofyQL69jGj3aC6xA6Ppumq1Ria7
Multisig account created with address: C8wkL2wPkJNN5UfKrxZe1Kn1Evn8rwVonmfmbAbmkG2o

Step 5: Transferring mint authority to the multisig account...
Updating C7ooCXLEErUgffSyYcg329vhW6K7m3cx99bbzH7Uig3i
  Current mint: 5Gaafgd2mZiiuVU7ZJyua3pbfXX6c7hGsY2y6ipCrXca
  New mint: C8wkL2wPkJNN5UfKrxZe1Kn1Evn8rwVonmfmbAbmkG2o

Signature: 3RS8wysy2EBUbQ8v1Mw4Bf2MVYd5qLTtwqRg92P3YN4AfujbHP1FR3xxZR9n9aeh9rDNwPQXtRXtqfcbfJga9Ncv

Mint authority for token C7ooCXLEErUgffSyYcg329vhW6K7m3cx99bbzH7Uig3i transferred to C8wkL2wPkJNN5UfKrxZe1Kn1Evn8rwVonmfmbAbmkG2o

Step 6: Funding the 3 multisig signer wallets...

  Processing signer wallet #1...
  Signer Wallet Pubkey: 2YRrD82XvZ4ZzdLvgzSWNPNXdXhMMHh4yU7yy91avWfF
Creating account H5VM4oTLmJo3ZjHvKRWkbzMj13W5wfBnS2wYv5c9MJGJ

Signature: BW7jDzVbJqeWv458DHc43aMuXa2JL8UbtFou4xZgfxmAy45Umg5Ubi1YeDwfUksVVxRSvEfEashxYpp6e16T5ZY
  Token Account: H5VM4oTLmJo3ZjHvKRWkbzMj13W5wfBnS2wYv5c9MJGJ
  Minting 1,000,000 tokens...
Minting 1000000 tokens
  Token: C7ooCXLEErUgffSyYcg329vhW6K7m3cx99bbzH7Uig3i
  Recipient: H5VM4oTLmJo3ZjHvKRWkbzMj13W5wfBnS2wYv5c9MJGJ

Signature: y8qpoNLRiY8csub8JSqZXqTVcFCWYe1ekMG9F762UqrFjudfZePx5iuEjpMKKPKtGvCUnCfBwhLkEXQzcdHoT7K

  Mint successful.

  Processing signer wallet #2...
  Signer Wallet Pubkey: 56Nk2rcBeviqkibXnPdSKujnzVf6i9AyFkne3KU19tYu
Creating account HHsXw4N4HMCYERyuX7DbE12sPckB9de4aKUYAz8488Dr

Signature: 5NpawCDYtGV8z6ZqDx1WZe34SmTUyySDaDW5p1RjuVJRYVi6YkbDGmP8K46Nbz6zCqAYCGMQKtwf72Cb4VssYTWJ
  Token Account: HHsXw4N4HMCYERyuX7DbE12sPckB9de4aKUYAz8488Dr
  Minting 1,000,000 tokens...
Minting 1000000 tokens
  Token: C7ooCXLEErUgffSyYcg329vhW6K7m3cx99bbzH7Uig3i
  Recipient: HHsXw4N4HMCYERyuX7DbE12sPckB9de4aKUYAz8488Dr

Signature: 2soZWQY9KF7aUvhyz5FrEt5ci8z5xznwoppZbLjqitsECjVHrfyzfmTe8WVhTJkX8yLZX4Cn3aQWW6G1xqaMFCXY

  Mint successful.

  Processing signer wallet #3...
  Signer Wallet Pubkey: 2hsDTE5791zW7p5vtgtrjk3cpebuzsn5Cvb7vomer38a
Creating account 4CeJrHCSdM9LfknXMMZgLeS6ZrHVsoXWpiDhNshMoFyR

Signature: 3gJLkdPEoA7sm1X3gqRtVdNdg42wMC1ckqwU6WBnncNXYjh6tyMWceW4yoD2uwMbaEHdiaL5L9iyT5uNjG8D5YrR
  Token Account: 4CeJrHCSdM9LfknXMMZgLeS6ZrHVsoXWpiDhNshMoFyR
  Minting 1,000,000 tokens...
Minting 1000000 tokens
  Token: C7ooCXLEErUgffSyYcg329vhW6K7m3cx99bbzH7Uig3i
  Recipient: 4CeJrHCSdM9LfknXMMZgLeS6ZrHVsoXWpiDhNshMoFyR

Signature: 2C8eVmYLBKmAGT7LpCLevPHK6o4yF6BuaGDCL3xQFNcMGeCqGjM4oPQcNVTXNnZfHtbAhZbn4oBzMuUmiTtaenE6

  Mint successful.

--- All tasks completed successfully! ---
Keypair files for multisig signers are stored in the 'keys' directory: keys/signer1.json, keys/signer2.json, keys/signer3.json
